2016/03/30 16:59:52 INFO  - jmeter.util.JMeterUtils: Setting Locale to en_US 
2016/03/30 16:59:52 INFO  - jmeter.JMeter: Loading user properties from: /usr/local/Cellar/jmeter/2.13/libexec/bin/user.properties 
2016/03/30 16:59:52 INFO  - jmeter.JMeter: Loading system properties from: /usr/local/Cellar/jmeter/2.13/libexec/bin/system.properties 
2016/03/30 16:59:52 INFO  - jmeter.JMeter: Copyright (c) 1998-2015 The Apache Software Foundation 
2016/03/30 16:59:52 INFO  - jmeter.JMeter: Version 2.13 r1665067 
2016/03/30 16:59:52 INFO  - jmeter.JMeter: java.version=1.8.0_60 
2016/03/30 16:59:52 INFO  - jmeter.JMeter: java.vm.name=Java HotSpot(TM) 64-Bit Server VM 
2016/03/30 16:59:52 INFO  - jmeter.JMeter: os.name=Mac OS X 
2016/03/30 16:59:52 INFO  - jmeter.JMeter: os.arch=x86_64 
2016/03/30 16:59:52 INFO  - jmeter.JMeter: os.version=10.10.5 
2016/03/30 16:59:52 INFO  - jmeter.JMeter: file.encoding=UTF-8 
2016/03/30 16:59:52 INFO  - jmeter.JMeter: Default Locale=English (United States) 
2016/03/30 16:59:52 INFO  - jmeter.JMeter: JMeter  Locale=English (United States) 
2016/03/30 16:59:52 INFO  - jmeter.JMeter: JMeterHome=/usr/local/Cellar/jmeter/2.13/libexec 
2016/03/30 16:59:52 INFO  - jmeter.JMeter: user.dir  =/opt/go/src/github.com/couchbaselabs/showfast 
2016/03/30 16:59:52 INFO  - jmeter.JMeter: PWD       =/opt/go/src/github.com/couchbaselabs/showfast 
2016/03/30 16:59:52 INFO  - jmeter.JMeter: IP: 10.17.4.251 Name: couchbases-MacBook-Pro-2.local FullName: 10.17.4.251 
2016/03/30 16:59:53 INFO  - jmeter.gui.action.LookAndFeelCommand: Using look and feel: com.apple.laf.AquaLookAndFeel [Mac OS X, System] 
2016/03/30 16:59:53 INFO  - jmeter.JMeter: Loaded icon properties from org/apache/jmeter/images/icon.properties 
2016/03/30 16:59:55 INFO  - jmeter.engine.util.CompoundVariable: Note: Function class names must contain the string: '.functions.' 
2016/03/30 16:59:55 INFO  - jmeter.engine.util.CompoundVariable: Note: Function class names must not contain the string: '.gui.' 
2016/03/30 16:59:55 INFO  - jmeter.util.BSFTestElement: Registering JMeter version of JavaScript engine as work-round for BSF-22 
2016/03/30 16:59:56 INFO  - jmeter.protocol.http.sampler.HTTPSamplerBase: Cannot find .className property for htmlParser, using default 
2016/03/30 16:59:56 INFO  - jmeter.protocol.http.sampler.HTTPSamplerBase: Parser for text/html is  
2016/03/30 16:59:56 INFO  - jmeter.protocol.http.sampler.HTTPSamplerBase: Parser for application/xhtml+xml is  
2016/03/30 16:59:56 INFO  - jmeter.protocol.http.sampler.HTTPSamplerBase: Parser for application/xml is  
2016/03/30 16:59:56 INFO  - jmeter.protocol.http.sampler.HTTPSamplerBase: Parser for text/xml is  
2016/03/30 16:59:56 INFO  - jmeter.protocol.http.sampler.HTTPSamplerBase: Parser for text/vnd.wap.wml is org.apache.jmeter.protocol.http.parser.RegexpHTMLParser 
2016/03/30 16:59:56 INFO  - jmeter.gui.util.MenuFactory: Skipping org.apache.jmeter.protocol.http.control.gui.WebServiceSamplerGui 
2016/03/30 16:59:56 INFO  - jmeter.gui.util.MenuFactory: Skipping org.apache.jmeter.protocol.http.modifier.gui.ParamModifierGui 
2016/03/30 16:59:56 INFO  - jorphan.exec.KeyToolUtils: keytool found at 'keytool' 
2016/03/30 16:59:56 INFO  - jmeter.protocol.http.proxy.ProxyControl: HTTP(S) Test Script Recorder SSL Proxy will use keys that support embedded 3rd party resources in file /usr/local/Cellar/jmeter/2.13/libexec/bin/proxyserver.jks 
2016/03/30 16:59:56 INFO  - jmeter.samplers.SampleResult: Note: Sample TimeStamps are START times 
2016/03/30 16:59:56 INFO  - jmeter.samplers.SampleResult: sampleresult.default.encoding is set to ISO-8859-1 
2016/03/30 16:59:56 INFO  - jmeter.samplers.SampleResult: sampleresult.useNanoTime=true 
2016/03/30 16:59:56 INFO  - jmeter.samplers.SampleResult: sampleresult.nanoThreadSleep=5000 
2016/03/30 17:00:02 INFO  - jmeter.services.FileServer: Default base='/opt/go/src/github.com/couchbaselabs/showfast' 
2016/03/30 17:00:02 INFO  - jmeter.gui.action.Load: Loading file: /Users/sandipnandi/PERF/Q2/FTS.jmx 
2016/03/30 17:00:02 INFO  - jmeter.services.FileServer: Set new base='/Users/sandipnandi/PERF/Q2' 
2016/03/30 17:00:03 INFO  - jmeter.save.SaveService: Testplan (JMX) version: 2.2. Testlog (JTL) version: 2.2 
2016/03/30 17:00:03 INFO  - jmeter.save.SaveService: Using SaveService properties file encoding UTF-8 
2016/03/30 17:00:03 INFO  - jmeter.save.SaveService: Using SaveService properties file version 1656252 
2016/03/30 17:00:03 INFO  - jmeter.save.SaveService: Using SaveService properties version 2.8 
2016/03/30 17:00:03 INFO  - jmeter.save.SaveService: All converter versions present and correct 
2016/03/30 17:00:03 INFO  - jmeter.save.SaveService: Loading file: /Users/sandipnandi/PERF/Q2/FTS.jmx 
2016/03/30 17:00:03 INFO  - jmeter.protocol.http.control.CookieManager: Settings: Delete null: true Check: true Allow variable: true Save: false Prefix: COOKIE_ 
2016/03/30 17:00:03 INFO  - jmeter.services.FileServer: Set new base='/Users/sandipnandi/PERF/Q2' 
2016/03/30 17:00:21 INFO  - jmeter.engine.StandardJMeterEngine: Listeners will be started after enabling running version 
2016/03/30 17:00:21 INFO  - jmeter.engine.StandardJMeterEngine: To revert to the earlier behaviour, define jmeterengine.startlistenerslater=false 
2016/03/30 17:00:21 INFO  - jmeter.engine.StandardJMeterEngine: Running the test! 
2016/03/30 17:00:21 INFO  - jmeter.samplers.SampleEvent: List of sample_variables: [] 
2016/03/30 17:00:21 INFO  - jmeter.samplers.SampleEvent: List of sample_variables: [] 
2016/03/30 17:00:21 INFO  - jmeter.gui.util.JMeterMenuBar: setRunning(true,*local*) 
2016/03/30 17:00:21 INFO  - jmeter.engine.StandardJMeterEngine: Starting ThreadGroup: 1 : Thread Group 
2016/03/30 17:00:21 INFO  - jmeter.engine.StandardJMeterEngine: Starting 10 threads for group Thread Group. 
2016/03/30 17:00:21 INFO  - jmeter.engine.StandardJMeterEngine: Thread will continue on error 
2016/03/30 17:00:21 INFO  - jmeter.threads.ThreadGroup: Starting thread group number 1 threads 10 ramp-up 1 perThread 100.0 delayedStart=false 
2016/03/30 17:00:21 INFO  - jmeter.threads.JMeterThread: jmeterthread.startearlier=true (see jmeter.properties) 
2016/03/30 17:00:21 INFO  - jmeter.threads.JMeterThread: Running PostProcessors in forward order 
2016/03/30 17:00:21 INFO  - jmeter.threads.JMeterThread: Thread started: Thread Group 1-1 
2016/03/30 17:00:21 INFO  - jmeter.threads.ThreadGroup: Started thread group number 1 
2016/03/30 17:00:21 INFO  - jmeter.engine.StandardJMeterEngine: All thread groups have been started 
2016/03/30 17:00:21 INFO  - jmeter.protocol.http.sampler.HTTPHCAbstractImpl: Local host = couchbases-MacBook-Pro-2.local 
2016/03/30 17:00:21 INFO  - jmeter.protocol.http.sampler.HTTPHC4Impl: HTTP request retry count = 0 
2016/03/30 17:00:21 INFO  - jmeter.protocol.http.sampler.HTTPHC4Impl: Setting up HTTPS TrustAll scheme 
2016/03/30 17:00:21 INFO  - jmeter.util.JsseSSLManager: Using default SSL protocol: TLS 
2016/03/30 17:00:21 INFO  - jmeter.util.JsseSSLManager: SSL session context: per-thread 
2016/03/30 17:00:21 INFO  - jmeter.threads.JMeterThread: Thread started: Thread Group 1-2 
2016/03/30 17:00:21 INFO  - jmeter.threads.JMeterThread: Thread started: Thread Group 1-3 
2016/03/30 17:00:21 INFO  - jmeter.threads.JMeterThread: Thread started: Thread Group 1-4 
2016/03/30 17:00:21 INFO  - jmeter.threads.JMeterThread: Thread started: Thread Group 1-5 
2016/03/30 17:00:21 INFO  - jmeter.threads.JMeterThread: Thread started: Thread Group 1-6 
2016/03/30 17:00:22 INFO  - jmeter.threads.JMeterThread: Thread started: Thread Group 1-7 
2016/03/30 17:00:22 INFO  - jmeter.threads.JMeterThread: Thread started: Thread Group 1-8 
2016/03/30 17:00:22 INFO  - jmeter.threads.JMeterThread: Thread started: Thread Group 1-9 
2016/03/30 17:00:22 INFO  - jmeter.threads.JMeterThread: Thread started: Thread Group 1-10 
2016/03/30 17:00:35 INFO  - jmeter.gui.action.Start: Shutting test down 
2016/03/30 17:00:35 INFO  - jmeter.threads.JMeterThread: Stopping: Thread Group 1-4 
2016/03/30 17:00:35 INFO  - jmeter.threads.JMeterThread: Stopping: Thread Group 1-8 
2016/03/30 17:00:35 INFO  - jmeter.threads.JMeterThread: Stopping: Thread Group 1-1 
2016/03/30 17:00:35 INFO  - jmeter.threads.JMeterThread: Stopping: Thread Group 1-3 
2016/03/30 17:00:35 INFO  - jmeter.threads.JMeterThread: Stopping: Thread Group 1-5 
2016/03/30 17:00:35 INFO  - jmeter.threads.JMeterThread: Stopping: Thread Group 1-10 
2016/03/30 17:00:35 INFO  - jmeter.threads.JMeterThread: Stopping: Thread Group 1-2 
2016/03/30 17:00:35 INFO  - jmeter.threads.JMeterThread: Stopping: Thread Group 1-7 
2016/03/30 17:00:35 INFO  - jmeter.threads.JMeterThread: Stopping: Thread Group 1-6 
2016/03/30 17:00:35 INFO  - jmeter.threads.JMeterThread: Stopping: Thread Group 1-9 
2016/03/30 17:00:35 INFO  - jmeter.threads.JMeterThread: Thread finished: Thread Group 1-2 
2016/03/30 17:00:35 INFO  - jmeter.threads.JMeterThread: Thread finished: Thread Group 1-4 
2016/03/30 17:00:35 INFO  - jmeter.threads.JMeterThread: Thread finished: Thread Group 1-1 
2016/03/30 17:00:35 INFO  - jmeter.threads.JMeterThread: Thread finished: Thread Group 1-10 
2016/03/30 17:00:35 INFO  - jmeter.threads.JMeterThread: Thread finished: Thread Group 1-9 
2016/03/30 17:00:35 INFO  - jmeter.threads.JMeterThread: Thread finished: Thread Group 1-8 
2016/03/30 17:00:35 INFO  - jmeter.threads.JMeterThread: Thread finished: Thread Group 1-5 
2016/03/30 17:00:35 INFO  - jmeter.threads.JMeterThread: Thread finished: Thread Group 1-7 
2016/03/30 17:00:35 INFO  - jmeter.threads.JMeterThread: Thread finished: Thread Group 1-3 
2016/03/30 17:00:35 INFO  - jmeter.threads.JMeterThread: Thread finished: Thread Group 1-6 
2016/03/30 17:00:35 INFO  - jmeter.engine.StandardJMeterEngine: Notifying test listeners of end of test 
2016/03/30 17:00:35 INFO  - jmeter.gui.util.JMeterMenuBar: setRunning(false,*local*) 
2016/03/30 17:00:47 INFO  - jmeter.engine.StandardJMeterEngine: Running the test! 
2016/03/30 17:00:47 INFO  - jmeter.samplers.SampleEvent: List of sample_variables: [] 
2016/03/30 17:00:47 INFO  - jmeter.gui.util.JMeterMenuBar: setRunning(true,*local*) 
2016/03/30 17:00:48 INFO  - jmeter.engine.StandardJMeterEngine: Starting ThreadGroup: 1 : Thread Group 
2016/03/30 17:00:48 INFO  - jmeter.engine.StandardJMeterEngine: Starting 10 threads for group Thread Group. 
2016/03/30 17:00:48 INFO  - jmeter.engine.StandardJMeterEngine: Thread will continue on error 
2016/03/30 17:00:48 INFO  - jmeter.threads.ThreadGroup: Starting thread group number 1 threads 10 ramp-up 1 perThread 100.0 delayedStart=false 
2016/03/30 17:00:48 INFO  - jmeter.threads.JMeterThread: Thread started: Thread Group 1-1 
2016/03/30 17:00:48 INFO  - jmeter.threads.ThreadGroup: Started thread group number 1 
2016/03/30 17:00:48 INFO  - jmeter.engine.StandardJMeterEngine: All thread groups have been started 
2016/03/30 17:00:48 INFO  - jmeter.threads.JMeterThread: Thread started: Thread Group 1-2 
2016/03/30 17:00:48 INFO  - jmeter.threads.JMeterThread: Thread started: Thread Group 1-3 
2016/03/30 17:00:48 INFO  - jmeter.threads.JMeterThread: Thread started: Thread Group 1-4 
2016/03/30 17:00:48 INFO  - jmeter.threads.JMeterThread: Thread started: Thread Group 1-5 
2016/03/30 17:00:48 INFO  - jmeter.threads.JMeterThread: Thread started: Thread Group 1-6 
2016/03/30 17:00:48 INFO  - jmeter.threads.JMeterThread: Thread started: Thread Group 1-7 
2016/03/30 17:00:48 INFO  - jmeter.threads.JMeterThread: Thread started: Thread Group 1-8 
2016/03/30 17:00:48 INFO  - jmeter.threads.JMeterThread: Thread started: Thread Group 1-9 
2016/03/30 17:00:48 INFO  - jmeter.threads.JMeterThread: Thread started: Thread Group 1-10 
2016/03/30 17:01:48 INFO  - jmeter.gui.action.Start: Shutting test down 
2016/03/30 17:01:48 INFO  - jmeter.threads.JMeterThread: Stopping: Thread Group 1-7 
2016/03/30 17:01:48 INFO  - jmeter.threads.JMeterThread: Stopping: Thread Group 1-5 
2016/03/30 17:01:48 INFO  - jmeter.threads.JMeterThread: Stopping: Thread Group 1-9 
2016/03/30 17:01:48 INFO  - jmeter.threads.JMeterThread: Stopping: Thread Group 1-1 
2016/03/30 17:01:48 INFO  - jmeter.threads.JMeterThread: Stopping: Thread Group 1-4 
2016/03/30 17:01:48 INFO  - jmeter.threads.JMeterThread: Stopping: Thread Group 1-8 
2016/03/30 17:01:48 INFO  - jmeter.threads.JMeterThread: Stopping: Thread Group 1-2 
2016/03/30 17:01:48 INFO  - jmeter.threads.JMeterThread: Stopping: Thread Group 1-3 
2016/03/30 17:01:48 INFO  - jmeter.threads.JMeterThread: Stopping: Thread Group 1-6 
2016/03/30 17:01:48 INFO  - jmeter.threads.JMeterThread: Stopping: Thread Group 1-10 
2016/03/30 17:01:49 INFO  - jmeter.threads.JMeterThread: Thread finished: Thread Group 1-9 
2016/03/30 17:01:49 INFO  - jmeter.threads.JMeterThread: Thread finished: Thread Group 1-5 
2016/03/30 17:01:49 INFO  - jmeter.threads.JMeterThread: Thread finished: Thread Group 1-1 
2016/03/30 17:01:49 INFO  - jmeter.threads.JMeterThread: Thread finished: Thread Group 1-4 
2016/03/30 17:01:49 INFO  - jmeter.threads.JMeterThread: Thread finished: Thread Group 1-2 
2016/03/30 17:01:49 INFO  - jmeter.threads.JMeterThread: Thread finished: Thread Group 1-10 
2016/03/30 17:01:49 INFO  - jmeter.threads.JMeterThread: Thread finished: Thread Group 1-7 
2016/03/30 17:01:49 INFO  - jmeter.threads.JMeterThread: Thread finished: Thread Group 1-6 
2016/03/30 17:01:49 INFO  - jmeter.threads.JMeterThread: Thread finished: Thread Group 1-8 
2016/03/30 17:01:49 INFO  - jmeter.threads.JMeterThread: Thread finished: Thread Group 1-3 
2016/03/30 17:01:49 INFO  - jmeter.engine.StandardJMeterEngine: Notifying test listeners of end of test 
2016/03/30 17:01:49 INFO  - jmeter.gui.util.JMeterMenuBar: setRunning(false,*local*) 
